<?xml version="1.0" encoding="UTF-8"?>
<testsuite xmlns:xsi="http://www.w3.org/2001/XMLSchema-instance" xsi:noNamespaceSchemaLocation="https://maven.apache.org/surefire/maven-surefire-plugin/xsd/surefire-test-report.xsd" name="dania.app.web.unitTests.MemberPositionServiceTest" time="0.392" tests="7" errors="0" skipped="0" failures="0">
  <properties>
[...]
</properties>
  <testcase name="updateMemberPositionServiceTest" classname="dania.app.web.unitTests.MemberPositionServiceTest" time="0.051"/>
  <testcase name="findMemberPositionByIdMember" classname="dania.app.web.unitTests.MemberPositionServiceTest" time="0.047"/>
  <testcase name="findMemberPositionByIdProjectPosition" classname="dania.app.web.unitTests.MemberPositionServiceTest" time="0.022"/>
  <testcase name="findAllMemberPositionServiceTest" classname="dania.app.web.unitTests.MemberPositionServiceTest" time="0.029"/>
  <testcase name="deleteMemberPositionServiceTest" classname="dania.app.web.unitTests.MemberPositionServiceTest" time="0.027"/>
  <testcase name="createMemberPositionServiceTest" classname="dania.app.web.unitTests.MemberPositionServiceTest" time="0.034"/>
  <testcase name="findByIdMemberPositionServiceTest" classname="dania.app.web.unitTests.MemberPositionServiceTest" time="0.023"/>
</testsuite>